<?xml version="1.0" encoding="UTF-8"?>
<testsuite xmlns:xsi="http://www.w3.org/2001/XMLSchema-instance" xsi:noNamespaceSchemaLocation="https://maven.apache.org/surefire/maven-surefire-plugin/xsd/surefire-test-report.xsd" name="com.be.assessment.GameInputProcessorTest" time="0.063" tests="3" errors="0" skipped="0" failures="0">
  <properties>
[...]
</properties>
  <testcase name="testCase1" classname="com.be.assessment.GameInputProcessorTest" time="0.044"/>
  <testcase name="testCase2" classname="com.be.assessment.GameInputProcessorTest" time="0.005"/>
  <testcase name="testCase3" classname="com.be.assessment.GameInputProcessorTest" time="0.003"/>
</testsuite>